c:\users\pavlu\source\repos\lesson23_dll\lesson23_dll\debug\lesson23_dll.pch
c:\users\pavlu\source\repos\lesson23_dll\lesson23_dll\debug\vc141.pdb
c:\users\pavlu\source\repos\lesson23_dll\lesson23_dll\debug\vc141.idb
c:\users\pavlu\source\repos\lesson23_dll\lesson23_dll\debug\pch.obj
c:\users\pavlu\source\repos\lesson23_dll\lesson23_dll\debug\include_h_and_lib_files.obj
c:\users\pavlu\source\repos\lesson23_dll\lesson23_dll\debug\lesson23_dll.obj
c:\users\pavlu\source\repos\lesson23_dll\debug\lesson23_dll.pdb
c:\users\pavlu\source\repos\lesson23_dll\lesson23_dll\debug\lesson23_dll.tlog\cl.command.1.tlog
c:\users\pavlu\source\repos\lesson23_dll\lesson23_dll\debug\lesson23_dll.tlog\cl.read.1.tlog
c:\users\pavlu\source\repos\lesson23_dll\lesson23_dll\debug\lesson23_dll.tlog\cl.write.1.tlog
c:\users\pavlu\source\repos\lesson23_dll\lesson23_dll\debug\lesson23_dll.tlog\link-cvtres.read.1.tlog
c:\users\pavlu\source\repos\lesson23_dll\lesson23_dll\debug\lesson23_dll.tlog\link-cvtres.write.1.tlog
c:\users\pavlu\source\repos\lesson23_dll\lesson23_dll\debug\lesson23_dll.tlog\link-rc.read.1.tlog
c:\users\pavlu\source\repos\lesson23_dll\lesson23_dll\debug\lesson23_dll.tlog\link-rc.write.1.tlog
c:\users\pavlu\source\repos\lesson23_dll\lesson23_dll\debug\lesson23_dll.tlog\link.23480-cvtres.read.1.tlog
c:\users\pavlu\source\repos\lesson23_dll\lesson23_dll\debug\lesson23_dll.tlog\link.23480-cvtres.write.1.tlog
c:\users\pavlu\source\repos\lesson23_dll\lesson23_dll\debug\lesson23_dll.tlog\link.23480-rc.read.1.tlog
c:\users\pavlu\source\repos\lesson23_dll\lesson23_dll\debug\lesson23_dll.tlog\link.23480-rc.write.1.tlog
c:\users\pavlu\source\repos\lesson23_dll\lesson23_dll\debug\lesson23_dll.tlog\link.23480.read.1.tlog
c:\users\pavlu\source\repos\lesson23_dll\lesson23_dll\debug\lesson23_dll.tlog\link.23480.write.1.tlog
c:\users\pavlu\source\repos\lesson23_dll\lesson23_dll\debug\lesson23_dll.tlog\link.command.1.tlog
c:\users\pavlu\source\repos\lesson23_dll\lesson23_dll\debug\lesson23_dll.tlog\link.read.1.tlog
c:\users\pavlu\source\repos\lesson23_dll\lesson23_dll\debug\lesson23_dll.tlog\link.write.1.tlog
