c:\users\pavlu\source\repos\lessonsandhomeworks\homework17.5my_paint\lesson17my_paint\debug\lesson17my_paint.pch
c:\users\pavlu\source\repos\lessonsandhomeworks\homework17.5my_paint\lesson17my_paint\debug\vc141.pdb
c:\users\pavlu\source\repos\lessonsandhomeworks\homework17.5my_paint\lesson17my_paint\debug\vc141.idb
c:\users\pavlu\source\repos\lessonsandhomeworks\homework17.5my_paint\lesson17my_paint\debug\stdafx.obj
c:\users\pavlu\source\repos\lessonsandhomeworks\homework17.5my_paint\lesson17my_paint\debug\saveopfile.obj
c:\users\pavlu\source\repos\lessonsandhomeworks\homework17.5my_paint\lesson17my_paint\debug\circle.obj
c:\users\pavlu\source\repos\lessonsandhomeworks\homework17.5my_paint\lesson17my_paint\debug\rectangle.obj
c:\users\pavlu\source\repos\lessonsandhomeworks\homework17.5my_paint\lesson17my_paint\debug\lesson17my_paint.obj
c:\users\pavlu\source\repos\lessonsandhomeworks\homework17.5my_paint\lesson17my_paint\debug\shape.obj
c:\users\pavlu\source\repos\lessonsandhomeworks\homework17.5_my_paint\lesson17my_paint\debug\lesson17my_paint.pch
c:\users\pavlu\source\repos\lessonsandhomeworks\homework17.5_my_paint\lesson17my_paint\debug\vc141.pdb
c:\users\pavlu\source\repos\lessonsandhomeworks\homework17.5_my_paint\lesson17my_paint\debug\vc141.idb
c:\users\pavlu\source\repos\lessonsandhomeworks\homework17.5_my_paint\lesson17my_paint\debug\stdafx.obj
c:\users\pavlu\source\repos\lessonsandhomeworks\homework17.5_my_paint\lesson17my_paint\debug\shape.obj
c:\users\pavlu\source\repos\lessonsandhomeworks\homework17.5_my_paint\lesson17my_paint\debug\rectangle.obj
c:\users\pavlu\source\repos\lessonsandhomeworks\homework17.5_my_paint\lesson17my_paint\debug\lesson17my_paint.obj
c:\users\pavlu\source\repos\lessonsandhomeworks\homework17.5_my_paint\lesson17my_paint\debug\circle.obj
c:\users\pavlu\source\repos\lessonsandhomeworks\homework17.5_my_paint(attempt_to_create_buffer_and_union)\lesson17my_paint\debug\lesson17my_paint.pch
c:\users\pavlu\source\repos\lessonsandhomeworks\homework17.5_my_paint(attempt_to_create_buffer_and_union)\lesson17my_paint\debug\vc141.pdb
c:\users\pavlu\source\repos\lessonsandhomeworks\homework17.5_my_paint(attempt_to_create_buffer_and_union)\lesson17my_paint\debug\vc141.idb
c:\users\pavlu\source\repos\lessonsandhomeworks\homework17.5_my_paint(attempt_to_create_buffer_and_union)\lesson17my_paint\debug\stdafx.obj
c:\users\pavlu\source\repos\lessonsandhomeworks\homework17.5_my_paint(attempt_to_create_buffer_and_union)\lesson17my_paint\debug\shape.obj
c:\users\pavlu\source\repos\lessonsandhomeworks\homework17.5_my_paint(attempt_to_create_buffer_and_union)\lesson17my_paint\debug\rectangle.obj
c:\users\pavlu\source\repos\lessonsandhomeworks\homework17.5_my_paint(attempt_to_create_buffer_and_union)\lesson17my_paint\debug\lesson17my_paint.obj
c:\users\pavlu\source\repos\lessonsandhomeworks\homework17.5_my_paint(attempt_to_create_buffer_and_union)\lesson17my_paint\debug\circle.obj
c:\users\pavlu\source\repos\lessonsandhomeworks\homework17.5_my_paint(attempt_to_create_buffer_and_union)\lesson17my_paint\debug\saveopfile.obj
c:\users\pavlu\source\repos\lessonsandhomeworks\homework17.5my_paint\debug\lesson17my_paint.exe
c:\users\pavlu\source\repos\lessonsandhomeworks\homework17.5my_paint\debug\lesson17my_paint.ilk
c:\users\pavlu\source\repos\lessonsandhomeworks\homework17.5my_paint\debug\lesson17my_paint.pdb
c:\users\pavlu\source\repos\lessonsandhomeworks\homework17.5_my_paint(attempt_to_create_buffer_and_union)\debug\lesson17my_paint.exe
c:\users\pavlu\source\repos\lessonsandhomeworks\homework17.5_my_paint(attempt_to_create_buffer_and_union)\debug\lesson17my_paint.ilk
c:\users\pavlu\source\repos\lessonsandhomeworks\homework17.5_my_paint(attempt_to_create_buffer_and_union)\debug\lesson17my_paint.pdb
c:\users\pavlu\source\repos\lessonsandhomeworks\homework17.5my_paint\lesson17my_paint\debug\lesson17my_paint.res
c:\users\pavlu\source\repos\lessonsandhomeworks\homework17.5_my_paint(attempt_to_create_buffer_and_union)\lesson17my_paint\debug\lesson17my_paint.res
c:\users\pavlu\source\repos\lessonsandhomeworks\homework17.5_my_paint(attempt_to_create_buffer_and_union)\lesson17my_paint\debug\lesson17my_paint.obj.enc
c:\users\pavlu\source\repos\lessonsandhomeworks\homework17.5_my_paint(attempt_to_create_buffer_and_union)\lesson17my_paint\debug\saveopfile.obj.enc
c:\users\pavlu\source\repos\lessonsandhomeworks\homework17.5_my_paint(attempt_to_create_buffer_and_union)\lesson17my_paint\debug\lesson17my_paint.tlog\cl.command.1.tlog
c:\users\pavlu\source\repos\lessonsandhomeworks\homework17.5_my_paint(attempt_to_create_buffer_and_union)\lesson17my_paint\debug\lesson17my_paint.tlog\cl.read.1.tlog
c:\users\pavlu\source\repos\lessonsandhomeworks\homework17.5_my_paint(attempt_to_create_buffer_and_union)\lesson17my_paint\debug\lesson17my_paint.tlog\cl.write.1.tlog
c:\users\pavlu\source\repos\lessonsandhomeworks\homework17.5_my_paint(attempt_to_create_buffer_and_union)\lesson17my_paint\debug\lesson17my_paint.tlog\link.command.1.tlog
c:\users\pavlu\source\repos\lessonsandhomeworks\homework17.5_my_paint(attempt_to_create_buffer_and_union)\lesson17my_paint\debug\lesson17my_paint.tlog\link.read.1.tlog
c:\users\pavlu\source\repos\lessonsandhomeworks\homework17.5_my_paint(attempt_to_create_buffer_and_union)\lesson17my_paint\debug\lesson17my_paint.tlog\link.write.1.tlog
c:\users\pavlu\source\repos\lessonsandhomeworks\homework17.5_my_paint(attempt_to_create_buffer_and_union)\lesson17my_paint\debug\lesson17my_paint.tlog\rc.command.1.tlog
c:\users\pavlu\source\repos\lessonsandhomeworks\homework17.5_my_paint(attempt_to_create_buffer_and_union)\lesson17my_paint\debug\lesson17my_paint.tlog\rc.read.1.tlog
c:\users\pavlu\source\repos\lessonsandhomeworks\homework17.5_my_paint(attempt_to_create_buffer_and_union)\lesson17my_paint\debug\lesson17my_paint.tlog\rc.write.1.tlog
