c:\users\pavlu\source\repos\lessonsandhomeworks\homework18_my_paint\lesson17my_paint\debug\lesson17my_paint.pch
c:\users\pavlu\source\repos\lessonsandhomeworks\homework18_my_paint\lesson17my_paint\debug\vc141.pdb
c:\users\pavlu\source\repos\lessonsandhomeworks\homework18_my_paint\lesson17my_paint\debug\vc141.idb
c:\users\pavlu\source\repos\lessonsandhomeworks\homework18_my_paint\lesson17my_paint\debug\stdafx.obj
c:\users\pavlu\source\repos\lessonsandhomeworks\homework18_my_paint\lesson17my_paint\debug\shape.obj
c:\users\pavlu\source\repos\lessonsandhomeworks\homework18_my_paint\lesson17my_paint\debug\rectangle.obj
c:\users\pavlu\source\repos\lessonsandhomeworks\homework18_my_paint\lesson17my_paint\debug\circle.obj
c:\users\pavlu\source\repos\lessonsandhomeworks\homework18_my_paint\lesson17my_paint\debug\saveopfile.obj
c:\users\pavlu\source\repos\lessonsandhomeworks\homework18_my_paint\lesson17my_paint\debug\lesson17my_paint.obj
c:\users\pavlu\source\repos\lessonsandhomeworks\homework18_my_paint\lesson17my_paint\debug\fileoutput.obj
c:\users\pavlu\source\repos\lessonsandhomeworks\homework18_my_paint\lesson17my_paint\debug\displayoutput.obj
c:\users\pavlu\source\repos\lessonsandhomeworks\homework18_my_paint\lesson17my_paint\debug\vector_shape.obj
c:\users\pavlu\source\repos\lessonsandhomeworks\homework18_my_paint\lesson17my_paint\debug\lesson17my_paint.res
c:\users\pavlu\source\repos\lessonsandhomeworks\homework18_my_paint\debug\lesson17my_paint.pdb
c:\users\pavlu\source\repos\lessonsandhomeworks\homework18_my_paint\lesson17my_paint\debug\lesson17my_paint.tlog\cl.command.1.tlog
c:\users\pavlu\source\repos\lessonsandhomeworks\homework18_my_paint\lesson17my_paint\debug\lesson17my_paint.tlog\cl.read.1.tlog
c:\users\pavlu\source\repos\lessonsandhomeworks\homework18_my_paint\lesson17my_paint\debug\lesson17my_paint.tlog\cl.write.1.tlog
c:\users\pavlu\source\repos\lessonsandhomeworks\homework18_my_paint\lesson17my_paint\debug\lesson17my_paint.tlog\link-cvtres.read.1.tlog
c:\users\pavlu\source\repos\lessonsandhomeworks\homework18_my_paint\lesson17my_paint\debug\lesson17my_paint.tlog\link-cvtres.write.1.tlog
c:\users\pavlu\source\repos\lessonsandhomeworks\homework18_my_paint\lesson17my_paint\debug\lesson17my_paint.tlog\link-rc.read.1.tlog
c:\users\pavlu\source\repos\lessonsandhomeworks\homework18_my_paint\lesson17my_paint\debug\lesson17my_paint.tlog\link-rc.write.1.tlog
c:\users\pavlu\source\repos\lessonsandhomeworks\homework18_my_paint\lesson17my_paint\debug\lesson17my_paint.tlog\link.command.1.tlog
c:\users\pavlu\source\repos\lessonsandhomeworks\homework18_my_paint\lesson17my_paint\debug\lesson17my_paint.tlog\link.read.1.tlog
c:\users\pavlu\source\repos\lessonsandhomeworks\homework18_my_paint\lesson17my_paint\debug\lesson17my_paint.tlog\link.write.1.tlog
c:\users\pavlu\source\repos\lessonsandhomeworks\homework18_my_paint\lesson17my_paint\debug\lesson17my_paint.tlog\rc.command.1.tlog
c:\users\pavlu\source\repos\lessonsandhomeworks\homework18_my_paint\lesson17my_paint\debug\lesson17my_paint.tlog\rc.read.1.tlog
c:\users\pavlu\source\repos\lessonsandhomeworks\homework18_my_paint\lesson17my_paint\debug\lesson17my_paint.tlog\rc.write.1.tlog
